
> arjun-portfolio@0.1.0 build
> vite build

[36mvite v6.4.2 [32mbuilding for production...[36m[39m
transforming...
[32mΓ£ô[39m 4 modules transformed.
node.exe : [31mΓ£ù[39m 
Build failed in 337ms
At line:1 char:1
+ & "C:\Program 
Files\nodejs/node.exe" 
"C:\Program 
Files\nodejs/node_mo ...
+ ~~~~~~~~~~~~~~~~~~~~~~~~
~~~~~~~~~~~~~~~~~~~~~~~~~~
~~~~~~~~~~~~~~~~~~~
    + CategoryInfo        
      : NotSpecified: (  
  [31mΓ£ù[39m Build fa   
 iled in 337ms:String)    
 [], RemoteException
    + FullyQualifiedError 
   Id : NativeCommandErr  
  or
 
[31merror during build:
[31m[vite:css] Failed to 
load PostCSS config 
(searchPath: 
C:/Users/ARJUN DUBEY/OneDr
ive/Desktop/port): 
[Error] Loading PostCSS 
Plugin failed: Cannot 
find module 
'@tailwindcss/postcss'
Require stack:
- C:\Users\ARJUN DUBEY\One
Drive\Desktop\port\postcss
.config.mjs

(@C:\Users\ARJUN DUBEY\One
Drive\Desktop\port\postcss
.config.mjs)
Error: Loading PostCSS 
Plugin failed: Cannot 
find module 
'@tailwindcss/postcss'
Require stack:
- C:\Users\ARJUN DUBEY\One
Drive\Desktop\port\postcss
.config.mjs

(@C:\Users\ARJUN DUBEY\One
Drive\Desktop\port\postcss
.config.mjs)
    at load (file:///C:/Us
ers/ARJUN%20DUBEY/OneDrive
/Desktop/port/node_modules
/vite/dist/node/chunks/dep
-Dq2t6Dq0.js:11776:11)
    at async Promise.all 
(index 0)
    at async plugins (file
:///C:/Users/ARJUN%20DUBEY
/OneDrive/Desktop/port/nod
e_modules/vite/dist/node/c
hunks/dep-Dq2t6Dq0.js:1180
5:12)
    at async 
processResult (file:///C:/
Users/ARJUN%20DUBEY/OneDri
ve/Desktop/port/node_modul
es/vite/dist/node/chunks/d
ep-Dq2t6Dq0.js:11876:14)[
31m
file: [36mC:/Users/ARJUN 
DUBEY/OneDrive/Desktop/por
t/src/index.css[31m
[39m
